<?xml version="1.0" encoding="UTF-8"?>
<testng-results ignored="0" total="1" passed="1" failed="0" skipped="0">
  <reporter-output>
  </reporter-output>
  <suite started-at="2023-11-13T11:05:37 IST" name="Default suite" finished-at="2023-11-13T11:05:37 IST" duration-ms="136">
    <groups>
    </groups>
    <test started-at="2023-11-13T11:05:37 IST" name="Default test" finished-at="2023-11-13T11:05:37 IST" duration-ms="136">
      <class name="javaPractice.arrayPrograms.ZigZagProgram">
        <test-method signature="zigZagArray()[pri:0, instance:javaPractice.arrayPrograms.ZigZagProgram@163e4e87]" started-at="2023-11-13T11:05:37 IST" name="zigZagArray" finished-at="2023-11-13T11:05:37 IST" duration-ms="22" status="PASS">
          <reporter-output>
          </reporter-output>
        </test-method> <!-- zigZagArray -->
      </class> <!-- javaPractice.arrayPrograms.ZigZagProgram -->
    </test> <!-- Default test -->
  </suite> <!-- Default suite -->
</testng-results>
